[0m[[0m[0mdebug[0m] [0m[0m> Exec(console, None, None)[0m
[0m[[0m[0mdebug[0m] [0m[0mEvaluating tasks: Compile / console[0m
[0m[[0m[0mdebug[0m] [0m[0mRunning task... Cancel: Signal, check cycles: false, forcegc: true[0m
[0m[[0m[0minfo[0m] [0m[0mcompiling 37 Scala sources to /Users/dahlmoon/Documents/scala_edit/target/scala-2.13/classes ...[0m
[0m[[0m[31merror[0m] [0m[0m/Users/dahlmoon/Documents/scala_edit/Trait3.scala:16:1: expected class or object definition[0m
[0m[[0m[31merror[0m] [0m[0mval frog = new Frog[0m
[0m[[0m[31merror[0m] [0m[0m^[0m
[0m[[0m[31merror[0m] [0m[0m/Users/dahlmoon/Documents/scala_edit/Trait3.scala:18:1: expected class or object definition[0m
[0m[[0m[31merror[0m] [0m[0mfrog.philosophize()[0m
[0m[[0m[31merror[0m] [0m[0m^[0m
[0m[[0m[31merror[0m] [0m[0m/Users/dahlmoon/Documents/scala_edit/Trait3.scala:30:1: expected class or object definition[0m
[0m[[0m[31merror[0m] [0m[0mval f = new Frog_[0m
[0m[[0m[31merror[0m] [0m[0m^[0m
[0m[[0m[31merror[0m] [0m[0m/Users/dahlmoon/Documents/scala_edit/Trait3.scala:32:1: expected class or object definition[0m
[0m[[0m[31merror[0m] [0m[0mprintln(f.toString)[0m
[0m[[0m[31merror[0m] [0m[0m^[0m
[0m[[0m[31merror[0m] [0m[0m/Users/dahlmoon/Documents/scala_edit/Trait3.scala:34:1: expected class or object definition[0m
[0m[[0m[31merror[0m] [0m[0mf.philosophize()[0m
[0m[[0m[31merror[0m] [0m[0m^[0m
[0m[[0m[31merror[0m] [0m[0m/Users/dahlmoon/Documents/scala_edit/Trait4.scala:23:1: expected class or object definition[0m
[0m[[0m[31merror[0m] [0m[0mval iterator = new IntIterator(10)[0m
[0m[[0m[31merror[0m] [0m[0m^[0m
[0m[[0m[31merror[0m] [0m[0m/Users/dahlmoon/Documents/scala_edit/Trait4.scala:24:1: expected class or object definition[0m
[0m[[0m[31merror[0m] [0m[0mprintln(iterator.next()) // returns 0[0m
[0m[[0m[31merror[0m] [0m[0m^[0m
[0m[[0m[31merror[0m] [0m[0m/Users/dahlmoon/Documents/scala_edit/Trait4.scala:25:1: expected class or object definition[0m
[0m[[0m[31merror[0m] [0m[0mprintln(iterator.next())  // returns 1[0m
[0m[[0m[31merror[0m] [0m[0m^[0m
[0m[[0m[31merror[0m] [0m[0m/Users/dahlmoon/Documents/scala_edit/Trait4.scala:26:1: expected class or object definition[0m
[0m[[0m[31merror[0m] [0m[0mprintln(iterator.to)[0m
[0m[[0m[31merror[0m] [0m[0m^[0m
[0m[[0m[31merror[0m] [0m[0m/Users/dahlmoon/Documents/scala_edit/Trait4.scala:27:1: expected class or object definition[0m
[0m[[0m[31merror[0m] [0m[0mprintln(iterator.current)[0m
[0m[[0m[31merror[0m] [0m[0m^[0m
[0m[[0m[31merror[0m] [0m[0m/Users/dahlmoon/Documents/scala_edit/Trait5.scala:15:1: expected class or object definition[0m
[0m[[0m[31merror[0m] [0m[0mval i = new IntAdd(100)[0m
[0m[[0m[31merror[0m] [0m[0m^[0m
[0m[[0m[31merror[0m] [0m[0m/Users/dahlmoon/Documents/scala_edit/Trait5.scala:16:1: expected class or object definition[0m
[0m[[0m[31merror[0m] [0m[0mval f = new DoubleAdd(200)[0m
[0m[[0m[31merror[0m] [0m[0m^[0m
[0m[[0m[31merror[0m] [0m[0m/Users/dahlmoon/Documents/scala_edit/Trait5.scala:18:1: expected class or object definition[0m
[0m[[0m[31merror[0m] [0m[0mprintln(i.add(10))[0m
[0m[[0m[31merror[0m] [0m[0m^[0m
[0m[[0m[31merror[0m] [0m[0m/Users/dahlmoon/Documents/scala_edit/Trait5.scala:20:1: expected class or object definition[0m
[0m[[0m[31merror[0m] [0m[0mprintln(f.add(10))[0m
[0m[[0m[31merror[0m] [0m[0m^[0m
[0m[[0m[31merror[0m] [0m[0m/Users/dahlmoon/Documents/scala_edit/array.scala:1:1: expected class or object definition[0m
[0m[[0m[31merror[0m] [0m[0mval greetings = new Array[String](3)[0m
[0m[[0m[31merror[0m] [0m[0m^[0m
[0m[[0m[31merror[0m] [0m[0m/Users/dahlmoon/Documents/scala_edit/array.scala:3:1: expected class or object definition[0m
[0m[[0m[31merror[0m] [0m[0mgreetings(0) = "moon"[0m
[0m[[0m[31merror[0m] [0m[0m^[0m
[0m[[0m[31merror[0m] [0m[0m/Users/dahlmoon/Documents/scala_edit/array.scala:4:1: expected class or object definition[0m
[0m[[0m[31merror[0m] [0m[0mgreetings(1) = "yong"[0m
[0m[[0m[31merror[0m] [0m[0m^[0m
[0m[[0m[31merror[0m] [0m[0m/Users/dahlmoon/Documents/scala_edit/array.scala:5:1: expected class or object definition[0m
[0m[[0m[31merror[0m] [0m[0mgreetings(2) = "joon"[0m
[0m[[0m[31merror[0m] [0m[0m^[0m
[0m[[0m[31merror[0m] [0m[0m/Users/dahlmoon/Documents/scala_edit/array.scala:7:1: expected class or object definition[0m
[0m[[0m[31merror[0m] [0m[0mfor (i <- greetings) {[0m
[0m[[0m[31merror[0m] [0m[0m^[0m
[0m[[0m[31merror[0m] [0m[0m/Users/dahlmoon/Documents/scala_edit/func1.scala:2:1: expected class or object definition[0m
[0m[[0m[31merror[0m] [0m[0mdef add[A](x:A,y:A,f:(A,A)=>A) :A = f(x,y) [0m
[0m[[0m[31merror[0m] [0m[0m^[0m
[0m[[0m[31merror[0m] [0m[0m/Users/dahlmoon/Documents/scala_edit/func1.scala:5:1: expected class or object definition[0m
[0m[[0m[31merror[0m] [0m[0mprintln(add[Int](10,10,(x:Int, y:Int) => x+y))[0m
[0m[[0m[31merror[0m] [0m[0m^[0m
[0m[[0m[31merror[0m] [0m[0m/Users/dahlmoon/Documents/scala_edit/func1.scala:6:1: expected class or object definition[0m
[0m[[0m[31merror[0m] [0m[0mprintln(add[String]("hello", "world",(x:String, y:String)=> x+y))[0m
[0m[[0m[31merror[0m] [0m[0m^[0m
[0m[[0m[31merror[0m] [0m[0m/Users/dahlmoon/Documents/scala_edit/trait1.scala:9:1: expected class or object definition[0m
[0m[[0m[31merror[0m] [0m[0mval c = new ConsoleLogger()[0m
[0m[[0m[31merror[0m] [0m[0m^[0m
[0m[[0m[31merror[0m] [0m[0m/Users/dahlmoon/Documents/scala_edit/trait1.scala:12:1: expected class or object definition[0m
[0m[[0m[31merror[0m] [0m[0mc.log(" Test")[0m
[0m[[0m[31merror[0m] [0m[0m^[0m
[0m[[0m[31merror[0m] [0m[0m/Users/dahlmoon/Documents/scala_edit/trait2.scala:12:1: expected class or object definition[0m
[0m[[0m[31merror[0m] [0m[0mval b = new BMW()[0m
[0m[[0m[31merror[0m] [0m[0m^[0m
[0m[[0m[31merror[0m] [0m[0m/Users/dahlmoon/Documents/scala_edit/trait2.scala:14:1: expected class or object definition[0m
[0m[[0m[31merror[0m] [0m[0mprintln(b.brand, b.shineRefraction)[0m
[0m[[0m[31merror[0m] [0m[0m^[0m
[0m[[0m[31merror[0m] [0m[0m26 errors found[0m
[0m[[0m[31merror[0m] [0m[0m(Compile / [31mcompileIncremental[0m) Compilation failed[0m
[0m[[0m[31merror[0m] [0m[0mTotal time: 0 s, completed 2021. 4. 7. 오전 12:03:38[0m
[0m[[0m[0mdebug[0m] [0m[0m> Exec(idea-shell, None, None)[0m
